Aligning contigs to reference...
	Aligning contigs to the reference
Filtering alignments...
Parsing coords...
Loading reference...
	Loaded [reference_b]
	Total Regions: 1
	Total Region Length: 1000
Analyzing contigs...
CONTIG: contig_1 (1041bp)
Best alignment score: 1000.0 (LEN: 1041, IDY: 96.06), Total number of alignments: 1
		One align captures most of this contig: 1 1000 | 1 1041 | 1000 1041 | 96.06 | reference_b contig_1

Analyzing coverage...
Writing SNPs into /ibex/user/majnouym/cs249_a2/outputs/task_1_3_1/quast_output/contigs_reports/minimap_output/assymbly_b.used_snps

Analysis is finished!
Founded SNPs were written into /ibex/user/majnouym/cs249_a2/outputs/task_1_3_1/quast_output/contigs_reports/minimap_output/assymbly_b.used_snps

Results:
	Local Misassemblies: 0
	Misassemblies: 0
		Relocations: 0
		Translocations: 0
		Inversions: 0
	Scaffold gap extensive misassemblies: 0
	Scaffold gap local misassemblies: 0
	Misassembled Contigs: 0
	Misassembled Contig Bases: 0
	Misassemblies Inter-Contig Overlap ("Extra" Aligned Bases): 0
Unaligned Contigs: 0 + 0 part
Half Unaligned Contigs with Misassemblies: 0
Unaligned Bases in Fully and Partially Unaligned Contigs: 0

Ambiguously Mapped Contigs: 0
Total Bases in Ambiguously Mapped Contigs: 0
"Extra" Aligned Bases in Ambiguously Mapped Contigs: 0
Note that --allow-ambiguity option was set to "one" and only first alignment per each of these contigs was used (there is no "extra" aligned bases).

	Covered Bases in Reference: 1000
	Raw Aligned Bases in Assembly: 1041
	Total Aligned Bases in Assembly (with "Extras"): 1041

	SNPs: 0
	Insertions: 41
	Deletions: 0

