Aligning contigs to reference...
	Aligning contigs to the reference
Filtering alignments...
Parsing coords...
Loading reference...
	Loaded [NC_019843.3]
	Total Regions: 1
	Total Region Length: 30119
Analyzing contigs...
CONTIG: NODE_1_length_29750_cov_23.969483 (29750bp)
Best alignment score: 29696.4 (LEN: 29744, IDY: 99.84), Total number of alignments: 1
		One align captures most of this contig: 291 30029 | 7 29750 | 29739 29744 | 99.84 | NC_019843.3 NODE_1_length_29750_cov_23.969483

Analyzing coverage...
Writing SNPs into /ibex/user/majnouym/cs249_a2/quast_reports/quast_ont_error/contigs_reports/minimap_output/contigs.used_snps

Analysis is finished!
Founded SNPs were written into /ibex/user/majnouym/cs249_a2/quast_reports/quast_ont_error/contigs_reports/minimap_output/contigs.used_snps

Results:
	Local Misassemblies: 0
	Misassemblies: 0
		Relocations: 0
		Translocations: 0
		Inversions: 0
	Scaffold gap extensive misassemblies: 0
	Scaffold gap local misassemblies: 0
	Misassembled Contigs: 0
	Misassembled Contig Bases: 0
	Misassemblies Inter-Contig Overlap ("Extra" Aligned Bases): 0
Unaligned Contigs: 0 + 0 part
Half Unaligned Contigs with Misassemblies: 0
Unaligned Bases in Fully and Partially Unaligned Contigs: 0

Ambiguously Mapped Contigs: 0
Total Bases in Ambiguously Mapped Contigs: 0
"Extra" Aligned Bases in Ambiguously Mapped Contigs: 0
Note that --allow-ambiguity option was set to "one" and only first alignment per each of these contigs was used (there is no "extra" aligned bases).

	Covered Bases in Reference: 29739
	Raw Aligned Bases in Assembly: 29744
	Total Aligned Bases in Assembly (with "Extras"): 29744

	SNPs: 10
	Insertions: 21
	Deletions: 16

