Aligning contigs to reference...
	Aligning contigs to the reference
Filtering alignments...
Parsing coords...
Loading reference...
	Loaded [reference_r]
	Total Regions: 1
	Total Region Length: 1040
Analyzing contigs...
CONTIG: contig_1 (934bp)
Best alignment score: 934.0 (LEN: 934, IDY: 100.00), Total number of alignments: 1
		One align captures most of this contig: 107 1040 | 1 934 | 934 934 | 100.0 | reference_r contig_1

CONTIG: contig_2 (134bp)
Best alignment score: 134.0 (LEN: 134, IDY: 100.00), Total number of alignments: 1
		One align captures most of this contig: 1 134 | 1 134 | 134 134 | 100.0 | reference_r contig_2

Analyzing coverage...
Writing SNPs into /ibex/user/majnouym/cs249_a2/outputs/task_1_3_2/quast_output/k_35/contigs_reports/minimap_output/assymbly_35.used_snps

Analysis is finished!
Founded SNPs were written into /ibex/user/majnouym/cs249_a2/outputs/task_1_3_2/quast_output/k_35/contigs_reports/minimap_output/assymbly_35.used_snps

Results:
	Local Misassemblies: 0
	Misassemblies: 0
		Relocations: 0
		Translocations: 0
		Inversions: 0
	Scaffold gap extensive misassemblies: 0
	Scaffold gap local misassemblies: 0
	Misassembled Contigs: 0
	Misassembled Contig Bases: 0
	Misassemblies Inter-Contig Overlap ("Extra" Aligned Bases): 0
Unaligned Contigs: 0 + 0 part
Half Unaligned Contigs with Misassemblies: 0
Unaligned Bases in Fully and Partially Unaligned Contigs: 0

Ambiguously Mapped Contigs: 0
Total Bases in Ambiguously Mapped Contigs: 0
"Extra" Aligned Bases in Ambiguously Mapped Contigs: 0
Note that --allow-ambiguity option was set to "one" and only first alignment per each of these contigs was used (there is no "extra" aligned bases).

	Covered Bases in Reference: 1040
	Raw Aligned Bases in Assembly: 1068
	Total Aligned Bases in Assembly (with "Extras"): 1068

	SNPs: 0
	Insertions: 0
	Deletions: 0

