/ibex/sw/rl9c/quast/5.2.0/rl9_conda3/quast-5.2.0/quast.py outputs/task_1_3_1/assymbly_b.fasta -r data/toy_dataset/reference_b.fasta -o outputs/task_1_3_1/quast_output

Version: 5.2.0

System information:
  OS: Linux-5.14.0-427.20.1.el9_4.0.1.x86_64-x86_64-with-redhat-9.4-Blue_Onyx (linux_64)
  Python version: 3.5.6
  CPUs number: 40

Started: 2025-05-10 13:51:13

Logging to /ibex/user/majnouym/cs249_a2/outputs/task_1_3_1/quast_output/quast.log
NOTICE: Output directory already exists and looks like a QUAST output dir. Existing results can be reused (e.g. previously generated alignments)!
NOTICE: Maximum number of threads is set to 10 (use --threads option to set it manually)

CWD: /ibex/user/majnouym/cs249_a2
Main parameters: 
  MODE: default, threads: 10, min contig length: 500, min alignment length: 65, min alignment IDY: 95.0, \
  ambiguity: one, min local misassembly length: 200, min extensive misassembly length: 1000

Reference:
  /ibex/user/majnouym/cs249_a2/data/toy_dataset/reference_b.fasta ==> reference_b

Contigs:
  Pre-processing...
  outputs/task_1_3_1/assymbly_b.fasta ==> assymbly_b

2025-05-10 13:51:13
Running Basic statistics processor...
  Reference genome:
    reference_b.fasta, length = 1000, num fragments = 1, GC % = 52.00
  Contig files: 
    assymbly_b
  Calculating N50 and L50...
    assymbly_b, N50 = 750, L50 = 1, auN = 750.0, Total length = 750, GC % = 52.53, # N's per 100 kbp =  0.00
  Drawing Nx plot...
    saved to /ibex/user/majnouym/cs249_a2/outputs/task_1_3_1/quast_output/basic_stats/Nx_plot.pdf
  Drawing NGx plot...
    saved to /ibex/user/majnouym/cs249_a2/outputs/task_1_3_1/quast_output/basic_stats/NGx_plot.pdf
  Drawing cumulative plot...
    saved to /ibex/user/majnouym/cs249_a2/outputs/task_1_3_1/quast_output/basic_stats/cumulative_plot.pdf
  Drawing GC content plot...
    saved to /ibex/user/majnouym/cs249_a2/outputs/task_1_3_1/quast_output/basic_stats/GC_content_plot.pdf
  Drawing assymbly_b GC content plot...
    saved to /ibex/user/majnouym/cs249_a2/outputs/task_1_3_1/quast_output/basic_stats/assymbly_b_GC_content_plot.pdf
Done.

2025-05-10 13:51:15
Running Contig analyzer...
  assymbly_b
  Logging to files /ibex/user/majnouym/cs249_a2/outputs/task_1_3_1/quast_output/contigs_reports/contigs_report_assymbly_b.stdout and contigs_report_assymbly_b.stderr...
  Aligning contigs to the reference
  /ibex/sw/rl9c/quast/5.2.0/rl9_conda3/quast-5.2.0/quast_libs/minimap2/minimap2 -c \
  -x asm10 -B5 -O4,16 --no-long-join -r 200 -N 50 -s 65 -z 200 --mask-level 0.9 --min-occ \
  200 -g 2500 --score-N 2 --cs -t 10 outputs/task_1_3_1/quast_output/quast_corrected_input/reference_b.fasta \
  outputs/task_1_3_1/quast_output/quast_corrected_input/assymbly_b.fasta > outputs/task_1_3_1/quast_output/contigs_reports/minimap_output/assymbly_b.coords_tmp \
  2>> outputs/task_1_3_1/quast_output/contigs_reports/contigs_report_assymbly_b.stderr
  Analysis is finished.

  Creating total report...
    saved to /ibex/user/majnouym/cs249_a2/outputs/task_1_3_1/quast_output/contigs_reports/misassemblies_report.txt, misassemblies_report.tsv, and misassemblies_report.tex
  Transposed version of total report...
    saved to /ibex/user/majnouym/cs249_a2/outputs/task_1_3_1/quast_output/contigs_reports/transposed_report_misassemblies.txt, transposed_report_misassemblies.tsv, and transposed_report_misassemblies.tex
  Creating total report...
    saved to /ibex/user/majnouym/cs249_a2/outputs/task_1_3_1/quast_output/contigs_reports/unaligned_report.txt, unaligned_report.tsv, and unaligned_report.tex
  Drawing misassemblies by types plot...
    saved to /ibex/user/majnouym/cs249_a2/outputs/task_1_3_1/quast_output/contigs_reports/misassemblies_plot.pdf
  Drawing misassemblies FRCurve plot...
    saved to /ibex/user/majnouym/cs249_a2/outputs/task_1_3_1/quast_output/contigs_reports/misassemblies_frcurve_plot.pdf
Done.

2025-05-10 13:51:15
Running NA-NGA calculation...
  assymbly_b, Largest alignment = 668, NA50 = 668, NGA50 = 668, LA50 = 1, LGA50 = 1
  Drawing cumulative plot...
    saved to /ibex/user/majnouym/cs249_a2/outputs/task_1_3_1/quast_output/aligned_stats/cumulative_plot.pdf
  Drawing NAx plot...
    saved to /ibex/user/majnouym/cs249_a2/outputs/task_1_3_1/quast_output/aligned_stats/NAx_plot.pdf
  Drawing NGAx plot...
    saved to /ibex/user/majnouym/cs249_a2/outputs/task_1_3_1/quast_output/aligned_stats/NGAx_plot.pdf
Done.

2025-05-10 13:51:16
Running Genome analyzer...
  NOTICE: No file with genomic features were provided. Use the --features option if you want to specify it.

  NOTICE: No file with operons were provided. Use the -O option if you want to specify it.
  assymbly_b
  Analysis is finished.
  Skipping drawing Genome fraction, % histogram... (less than 2 columns histogram makes no sense)
Done.

NOTICE: Genes are not predicted by default. Use --gene-finding or --glimmer option to enable it.

2025-05-10 13:51:16
Creating large visual summaries...
This may take a while: press Ctrl-C to skip this step..
  1 of 2: Creating PDF with all tables and plots...
  2 of 2: Creating Icarus viewers...
Done

2025-05-10 13:51:17
RESULTS:
  Text versions of total report are saved to /ibex/user/majnouym/cs249_a2/outputs/task_1_3_1/quast_output/report.txt, report.tsv, and report.tex
  Text versions of transposed total report are saved to /ibex/user/majnouym/cs249_a2/outputs/task_1_3_1/quast_output/transposed_report.txt, transposed_report.tsv, and transposed_report.tex
  HTML version (interactive tables and plots) is saved to /ibex/user/majnouym/cs249_a2/outputs/task_1_3_1/quast_output/report.html
  PDF version (tables and plots) is saved to /ibex/user/majnouym/cs249_a2/outputs/task_1_3_1/quast_output/report.pdf
  Icarus (contig browser) is saved to /ibex/user/majnouym/cs249_a2/outputs/task_1_3_1/quast_output/icarus.html
  Log is saved to /ibex/user/majnouym/cs249_a2/outputs/task_1_3_1/quast_output/quast.log

Finished: 2025-05-10 13:51:17
Elapsed time: 0:00:04.273259
NOTICEs: 5; WARNINGs: 0; non-fatal ERRORs: 0

Thank you for using QUAST!
